INFO : root -2021-10-15 18:44:51,456 - Router class initialized
INFO : root -2021-10-15 18:44:51,456 - Getting routes from the file {"stgy_request": ["feeds","indicators"],"data":["test"]}
INFO : root -2021-10-15 18:44:51,456 - Metadata Request is running...
INFO : root -2021-10-15 18:44:51,456 - Keep Alive Handler running
INFO : root -2021-10-15 18:44:51,987 -  _____                 _     ____             _    _                      
| ____|_   _____ _ __ | |_  | __ )  __ _  ___| | _| |__   ___  _ __   ___ 
|  _| \ \ / / _ \ '_ \| __| |  _ \ / _` |/ __| |/ / '_ \ / _ \| '_ \ / _ \
| |___ \ V /  __/ | | | |_  | |_) | (_| | (__|   <| |_) | (_) | | | |  __/
|_____| \_/ \___|_| |_|\__| |____/ \__,_|\___|_|\_\_.__/ \___/|_| |_|\___|
                                                                          

INFO : root -2021-10-15 18:44:51,987 - Event Backbone initialized
INFO : tornado.access -2021-10-15 18:45:01,901 - 101 GET /eventsocket (::1) 0.00ms
INFO : root -2021-10-15 18:45:01,901 - Connection Opened. Getting the metadata
INFO : root -2021-10-15 18:45:01,901 - {"event_type": "metadata", "event_producer": "Strategy1", "client_id": "93abd58d-d23c-44e7-a01e-800cbf378ce9", "payload": {"client_id": "93abd58d-d23c-44e7-a01e-800cbf378ce9", "client_name": "Strategy1"}}
INFO : root -2021-10-15 18:45:01,936 - Loaded the Client information to Database..
INFO : root -2021-10-15 18:45:01,949 - 93abd58d-d23c-44e7-a01e-800cbf378ce9 Connected Strategy1.Tracking ID is 9d005f01-63d0-41e7-95f1-0ac22267f6ea
INFO : root -2021-10-15 18:45:01,950 - {"event_type": "stgy_request", "event_producer": "Strategy1", "client_id": "93abd58d-d23c-44e7-a01e-800cbf378ce9", "payload": {"feeds": {"ticker": "ICICIBANK", "period": "5T", "start_date": "2021-01-01 09:00:00", "type": "candles"}, "indicators": "None"}}
INFO : root -2021-10-15 18:45:01,951 - Calling Factory for the event stgy_request
INFO : pika.adapters.utils.connection_workflow -2021-10-15 18:45:01,955 - Pika version 1.2.0 connecting to ('::1', 5672, 0, 0)
INFO : pika.adapters.utils.io_services_utils -2021-10-15 18:45:01,957 - Socket connected: <socket.socket fd=1248, family=AddressFamily.AF_INET6, type=SocketKind.SOCK_STREAM, proto=6, laddr=('::1', 54503, 0, 0), raddr=('::1', 5672, 0, 0)>
INFO : pika.adapters.utils.connection_workflow -2021-10-15 18:45:01,958 - Streaming transport linked up: (<pika.adapters.utils.io_services_utils._AsyncPlaintextTransport object at 0x000001C2E79DCE20>, _StreamingProtocolShim: <SelectConnection PROTOCOL transport=<pika.adapters.utils.io_services_utils._AsyncPlaintextTransport object at 0x000001C2E79DCE20> params=<ConnectionParameters host=localhost port=5672 virtual_host=/ ssl=False>>).
INFO : pika.adapters.utils.connection_workflow -2021-10-15 18:45:01,963 - AMQPConnector - reporting success: <SelectConnection OPEN transport=<pika.adapters.utils.io_services_utils._AsyncPlaintextTransport object at 0x000001C2E79DCE20> params=<ConnectionParameters host=localhost port=5672 virtual_host=/ ssl=False>>
INFO : pika.adapters.utils.connection_workflow -2021-10-15 18:45:01,963 - AMQPConnectionWorkflow - reporting success: <SelectConnection OPEN transport=<pika.adapters.utils.io_services_utils._AsyncPlaintextTransport object at 0x000001C2E79DCE20> params=<ConnectionParameters host=localhost port=5672 virtual_host=/ ssl=False>>
INFO : pika.adapters.blocking_connection -2021-10-15 18:45:01,963 - Connection workflow succeeded: <SelectConnection OPEN transport=<pika.adapters.utils.io_services_utils._AsyncPlaintextTransport object at 0x000001C2E79DCE20> params=<ConnectionParameters host=localhost port=5672 virtual_host=/ ssl=False>>
INFO : pika.adapters.blocking_connection -2021-10-15 18:45:01,963 - Created channel=1
INFO : root -2021-10-15 18:45:01,963 - Started to Handle the Strategy Request
INFO : root -2021-10-15 18:45:01,963 - Published to the event
INFO : root -2021-10-15 18:45:01,975 - 93abd58d-d23c-44e7-a01e-800cbf378ce9 Connected Strategy1.Tracking ID is 9d005f01-63d0-41e7-95f1-0ac22267f6ea
INFO : root -2021-10-15 18:45:01,976 - {"event_type": "stgy_request", "event_producer": "Strategy2", "client_id": "93abd58d-d23c-44e7-a01e-800cbf378ce9", "payload": {"feeds": {"ticker": "MOTHERSUMI", "period": "5T", "start_date": "2021-01-01 09:00:00", "type": "candles"}, "indicators": "None"}}
INFO : root -2021-10-15 18:45:01,977 - Calling Factory for the event stgy_request
INFO : pika.adapters.utils.connection_workflow -2021-10-15 18:45:01,982 - Pika version 1.2.0 connecting to ('::1', 5672, 0, 0)
INFO : pika.adapters.utils.io_services_utils -2021-10-15 18:45:01,983 - Socket connected: <socket.socket fd=1272, family=AddressFamily.AF_INET6, type=SocketKind.SOCK_STREAM, proto=6, laddr=('::1', 54506, 0, 0), raddr=('::1', 5672, 0, 0)>
INFO : pika.adapters.utils.connection_workflow -2021-10-15 18:45:01,984 - Streaming transport linked up: (<pika.adapters.utils.io_services_utils._AsyncPlaintextTransport object at 0x000001C2E7B52C40>, _StreamingProtocolShim: <SelectConnection PROTOCOL transport=<pika.adapters.utils.io_services_utils._AsyncPlaintextTransport object at 0x000001C2E7B52C40> params=<ConnectionParameters host=localhost port=5672 virtual_host=/ ssl=False>>).
INFO : pika.adapters.utils.connection_workflow -2021-10-15 18:45:01,986 - AMQPConnector - reporting success: <SelectConnection OPEN transport=<pika.adapters.utils.io_services_utils._AsyncPlaintextTransport object at 0x000001C2E7B52C40> params=<ConnectionParameters host=localhost port=5672 virtual_host=/ ssl=False>>
INFO : pika.adapters.utils.connection_workflow -2021-10-15 18:45:01,986 - AMQPConnectionWorkflow - reporting success: <SelectConnection OPEN transport=<pika.adapters.utils.io_services_utils._AsyncPlaintextTransport object at 0x000001C2E7B52C40> params=<ConnectionParameters host=localhost port=5672 virtual_host=/ ssl=False>>
INFO : pika.adapters.blocking_connection -2021-10-15 18:45:01,986 - Connection workflow succeeded: <SelectConnection OPEN transport=<pika.adapters.utils.io_services_utils._AsyncPlaintextTransport object at 0x000001C2E7B52C40> params=<ConnectionParameters host=localhost port=5672 virtual_host=/ ssl=False>>
INFO : pika.adapters.blocking_connection -2021-10-15 18:45:01,986 - Created channel=1
INFO : root -2021-10-15 18:45:01,986 - Started to Handle the Strategy Request
INFO : root -2021-10-15 18:45:01,994 - Published to the event
INFO : root -2021-10-15 18:45:02,001 - 93abd58d-d23c-44e7-a01e-800cbf378ce9 Connected Strategy1.Tracking ID is 9d005f01-63d0-41e7-95f1-0ac22267f6ea
INFO : root -2021-10-15 18:45:21,894 - {"event_type": "keep_alive", "event_producer": "Strategy1", "client_id": "93abd58d-d23c-44e7-a01e-800cbf378ce9", "payload": {"type": "keepalive"}}
INFO : root -2021-10-15 18:45:21,895 - 93abd58d-d23c-44e7-a01e-800cbf378ce9 sent a keep alive signal
INFO : root -2021-10-15 18:45:21,895 - Contract {'event_type': 'ACK', 'event_ts': '2021-10-15T18:45:21.895306', 'client_id': '93abd58d-d23c-44e7-a01e-800cbf378ce9', 'payload': {'client_id': '93abd58d-d23c-44e7-a01e-800cbf378ce9', 'event_type': 'keepalive'}}
